This file contains any messages produced by compilers while
running configure, to aid debugging if configure makes a mistake.

It was created by jmtpfs configure 1.0, which was
generated by GNU Autoconf 2.68.  Invocation command line was

  $ ./configure CXXFLAGS=-lpthread --prefix=/usr

## --------- ##
## Platform. ##
## --------- ##

hostname = love
uname -m = x86_64
uname -r = 5.2.8-arch1-1-ARCH
uname -s = Linux
uname -v = #1 SMP PREEMPT Fri Aug 9 21:36:07 UTC 2019

/usr/bin/uname -p = unknown
/bin/uname -X     = unknown

/bin/arch              = unknown
/usr/bin/arch -k       = unknown
/usr/convex/getsysinfo = unknown
/usr/bin/hostinfo      = unknown
/bin/machine           = unknown
/usr/bin/oslevel       = unknown
/bin/universe          = unknown

PATH: /usr/local/bin
PATH: /usr/bin
PATH: /bin
PATH: /usr/local/sbin
PATH: /usr/bin/site_perl
PATH: /usr/bin/vendor_perl
PATH: /usr/bin/core_perl
PATH: /home/kky/.local/bin/statusbar
PATH: /home/kky/.local/bin/cron
PATH: /home/kky/.local/bin/tools
PATH: /home/kky/.local/bin/i3cmds
PATH: /home/kky/.local/bin/


## ----------- ##
## Core tests. ##
## ----------- ##

configure:2160: checking build system type
configure:2174: result: x86_64-unknown-linux-gnu
configure:2194: checking host system type
configure:2207: result: x86_64-unknown-linux-gnu
configure:2227: checking target system type
configure:2240: result: x86_64-unknown-linux-gnu
configure:2283: checking for a BSD-compatible install
configure:2351: result: /usr/bin/install -c
configure:2362: checking whether build environment is sane
configure:2412: result: yes
configure:2553: checking for a thread-safe mkdir -p
configure:2592: result: /usr/bin/mkdir -p
configure:2605: checking for gawk
configure:2621: found /usr/bin/gawk
configure:2632: result: gawk
configure:2643: checking whether make sets $(MAKE)
configure:2665: result: yes
configure:2805: checking for g++
configure:2821: found /usr/bin/g++
configure:2832: result: g++
configure:2859: checking for C++ compiler version
configure:2868: g++ --version >&5
g++ (GCC) 9.1.0
Copyright (C) 2019 Free Software Foundation, Inc.
This is free software; see the source for copying conditions.  There is NO
warranty; not even for MERCHANTABILITY or FITNESS FOR A PARTICULAR PURPOSE.

configure:2879: $? = 0
configure:2868: g++ -v >&5
Using built-in specs.
COLLECT_GCC=g++
COLLECT_LTO_WRAPPER=/usr/lib/gcc/x86_64-pc-linux-gnu/9.1.0/lto-wrapper
Target: x86_64-pc-linux-gnu
Configured with: /build/gcc/src/gcc/configure --prefix=/usr --libdir=/usr/lib --libexecdir=/usr/lib --mandir=/usr/share/man --infodir=/usr/share/info --with-bugurl=https://bugs.archlinux.org/ --enable-languages=c,c++,ada,fortran,go,lto,objc,obj-c++ --enable-shared --enable-threads=posix --with-system-zlib --with-isl --enable-__cxa_atexit --disable-libunwind-exceptions --enable-clocale=gnu --disable-libstdcxx-pch --disable-libssp --enable-gnu-unique-object --enable-linker-build-id --enable-lto --enable-plugin --enable-install-libiberty --with-linker-hash-style=gnu --enable-gnu-indirect-function --enable-multilib --disable-werror --enable-checking=release --enable-default-pie --enable-default-ssp --enable-cet=auto
Thread model: posix
gcc version 9.1.0 (GCC) 
configure:2879: $? = 0
configure:2868: g++ -V >&5
g++: error: unrecognized command line option '-V'
g++: fatal error: no input files
compilation terminated.
configure:2879: $? = 1
configure:2868: g++ -qversion >&5
g++: error: unrecognized command line option '-qversion'; did you mean '--version'?
g++: fatal error: no input files
compilation terminated.
configure:2879: $? = 1
configure:2899: checking whether the C++ compiler works
configure:2921: g++ -lpthread -D_FORTIFY_SOURCE=2 -Wl,-O1,--sort-common,--as-needed,-z,relro,-z,now conftest.cpp  >&5
configure:2925: $? = 0
configure:2973: result: yes
configure:2976: checking for C++ compiler default output file name
configure:2978: result: a.out
configure:2984: checking for suffix of executables
configure:2991: g++ -o conftest -lpthread -D_FORTIFY_SOURCE=2 -Wl,-O1,--sort-common,--as-needed,-z,relro,-z,now conftest.cpp  >&5
configure:2995: $? = 0
configure:3017: result: 
configure:3039: checking whether we are cross compiling
configure:3047: g++ -o conftest -lpthread -D_FORTIFY_SOURCE=2 -Wl,-O1,--sort-common,--as-needed,-z,relro,-z,now conftest.cpp  >&5
In file included from /usr/include/bits/libc-header-start.h:33,
                 from /usr/include/stdio.h:27,
                 from conftest.cpp:11:
/usr/include/features.h:382:4: warning: #warning _FORTIFY_SOURCE requires compiling with optimization (-O) [-Wcpp]
  382 | #  warning _FORTIFY_SOURCE requires compiling with optimization (-O)
      |    ^~~~~~~
configure:3051: $? = 0
configure:3058: ./conftest
configure:3062: $? = 0
configure:3050: result: no
configure:3055: checking for suffix of object files
configure:3077: g++ -c -lpthread -D_FORTIFY_SOURCE=2 conftest.cpp >&5
configure:3081: $? = 0
configure:3102: result: o
configure:3106: checking whether we are using the GNU C++ compiler
configure:3125: g++ -c -lpthread -D_FORTIFY_SOURCE=2 conftest.cpp >&5
configure:3125: $? = 0
configure:3134: result: yes
configure:3143: checking whether g++ accepts -g
configure:3163: g++ -c -g -D_FORTIFY_SOURCE=2 conftest.cpp >&5
configure:3163: $? = 0
configure:3204: result: yes
configure:3238: checking for style of include used by make
configure:3266: result: GNU
configure:3291: checking dependency style of g++
configure:3401: result: gcc3
configure:3472: checking for pkg-config
configure:3490: found /usr/bin/pkg-config
configure:3502: result: /usr/bin/pkg-config
configure:3527: checking pkg-config is at least version 0.9.0
configure:3530: result: yes
configure:3540: checking for MTP
configure:3547: $PKG_CONFIG --exists --print-errors "libmtp >= 1.1.0"
configure:3550: $? = 0
configure:3563: $PKG_CONFIG --exists --print-errors "libmtp >= 1.1.0"
configure:3566: $? = 0
configure:3625: result: yes
configure:3634: checking for FUSE
configure:3641: $PKG_CONFIG --exists --print-errors "fuse >= 2.6"
configure:3644: $? = 0
configure:3657: $PKG_CONFIG --exists --print-errors "fuse >= 2.6"
configure:3660: $? = 0
configure:3719: result: yes
configure:3774: checking for gcc
configure:3790: found /usr/bin/gcc
configure:3801: result: gcc
configure:4030: checking for C compiler version
configure:4039: gcc --version >&5
gcc (GCC) 9.1.0
Copyright (C) 2019 Free Software Foundation, Inc.
This is free software; see the source for copying conditions.  There is NO
warranty; not even for MERCHANTABILITY or FITNESS FOR A PARTICULAR PURPOSE.

configure:4050: $? = 0
configure:4039: gcc -v >&5
Using built-in specs.
COLLECT_GCC=gcc
COLLECT_LTO_WRAPPER=/usr/lib/gcc/x86_64-pc-linux-gnu/9.1.0/lto-wrapper
Target: x86_64-pc-linux-gnu
Configured with: /build/gcc/src/gcc/configure --prefix=/usr --libdir=/usr/lib --libexecdir=/usr/lib --mandir=/usr/share/man --infodir=/usr/share/info --with-bugurl=https://bugs.archlinux.org/ --enable-languages=c,c++,ada,fortran,go,lto,objc,obj-c++ --enable-shared --enable-threads=posix --with-system-zlib --with-isl --enable-__cxa_atexit --disable-libunwind-exceptions --enable-clocale=gnu --disable-libstdcxx-pch --disable-libssp --enable-gnu-unique-object --enable-linker-build-id --enable-lto --enable-plugin --enable-install-libiberty --with-linker-hash-style=gnu --enable-gnu-indirect-function --enable-multilib --disable-werror --enable-checking=release --enable-default-pie --enable-default-ssp --enable-cet=auto
Thread model: posix
gcc version 9.1.0 (GCC) 
configure:4050: $? = 0
configure:4039: gcc -V >&5
gcc: error: unrecognized command line option '-V'
gcc: fatal error: no input files
compilation terminated.
configure:4050: $? = 1
configure:4039: gcc -qversion >&5
gcc: error: unrecognized command line option '-qversion'; did you mean '--version'?
gcc: fatal error: no input files
compilation terminated.
configure:4050: $? = 1
configure:4054: checking whether we are using the GNU C compiler
configure:4073: gcc -c -march=x86-64 -mtune=generic -O2 -pipe -fno-plt -D_FORTIFY_SOURCE=2 conftest.c >&5
configure:4073: $? = 0
configure:4082: result: yes
configure:4091: checking whether gcc accepts -g
configure:4111: gcc -c -g -D_FORTIFY_SOURCE=2 conftest.c >&5
configure:4111: $? = 0
configure:4152: result: yes
configure:4169: checking for gcc option to accept ISO C89
configure:4233: gcc  -c -march=x86-64 -mtune=generic -O2 -pipe -fno-plt -D_FORTIFY_SOURCE=2 conftest.c >&5
configure:4233: $? = 0
configure:4246: result: none needed
configure:4268: checking dependency style of gcc
configure:4378: result: gcc3
configure:4394: checking for magic_open in -lmagic
configure:4419: gcc -o conftest -march=x86-64 -mtune=generic -O2 -pipe -fno-plt -D_FORTIFY_SOURCE=2 -Wl,-O1,--sort-common,--as-needed,-z,relro,-z,now conftest.c -lmagic   >&5
configure:4419: $? = 0
configure:4428: result: yes
configure:4444: checking how to run the C preprocessor
configure:4475: gcc -E -D_FORTIFY_SOURCE=2 conftest.c
In file included from /usr/include/bits/libc-header-start.h:33,
                 from /usr/include/limits.h:26,
                 from /usr/lib/gcc/x86_64-pc-linux-gnu/9.1.0/include-fixed/limits.h:194,
                 from /usr/lib/gcc/x86_64-pc-linux-gnu/9.1.0/include-fixed/syslimits.h:7,
                 from /usr/lib/gcc/x86_64-pc-linux-gnu/9.1.0/include-fixed/limits.h:34,
                 from conftest.c:13:
/usr/include/features.h:382:4: warning: #warning _FORTIFY_SOURCE requires compiling with optimization (-O) [-Wcpp]
  382 | #  warning _FORTIFY_SOURCE requires compiling with optimization (-O)
      |    ^~~~~~~
configure:4475: $? = 0
configure:4489: gcc -E -D_FORTIFY_SOURCE=2 conftest.c
conftest.c:12:10: fatal error: ac_nonexistent.h: No such file or directory
   12 | #include <ac_nonexistent.h>
      |          ^~~~~~~~~~~~~~~~~~
compilation terminated.
configure:4489: $? = 1
configure: failed program was:
| /* confdefs.h */
| #define PACKAGE_NAME "jmtpfs"
| #define PACKAGE_TARNAME "jmtpfs"
| #define PACKAGE_VERSION "1.0"
| #define PACKAGE_STRING "jmtpfs 1.0"
| #define PACKAGE_BUGREPORT ""
| #define PACKAGE_URL ""
| #define PACKAGE "jmtpfs"
| #define VERSION "1.0"
| #define HAVE_LIBMAGIC 1
| /* end confdefs.h.  */
| #include <ac_nonexistent.h>
configure:4514: result: gcc -E
configure:4534: gcc -E -D_FORTIFY_SOURCE=2 conftest.c
In file included from /usr/include/bits/libc-header-start.h:33,
                 from /usr/include/limits.h:26,
                 from /usr/lib/gcc/x86_64-pc-linux-gnu/9.1.0/include-fixed/limits.h:194,
                 from /usr/lib/gcc/x86_64-pc-linux-gnu/9.1.0/include-fixed/syslimits.h:7,
                 from /usr/lib/gcc/x86_64-pc-linux-gnu/9.1.0/include-fixed/limits.h:34,
                 from conftest.c:13:
/usr/include/features.h:382:4: warning: #warning _FORTIFY_SOURCE requires compiling with optimization (-O) [-Wcpp]
  382 | #  warning _FORTIFY_SOURCE requires compiling with optimization (-O)
      |    ^~~~~~~
configure:4534: $? = 0
configure:4548: gcc -E -D_FORTIFY_SOURCE=2 conftest.c
conftest.c:12:10: fatal error: ac_nonexistent.h: No such file or directory
   12 | #include <ac_nonexistent.h>
      |          ^~~~~~~~~~~~~~~~~~
compilation terminated.
configure:4548: $? = 1
configure: failed program was:
| /* confdefs.h */
| #define PACKAGE_NAME "jmtpfs"
| #define PACKAGE_TARNAME "jmtpfs"
| #define PACKAGE_VERSION "1.0"
| #define PACKAGE_STRING "jmtpfs 1.0"
| #define PACKAGE_BUGREPORT ""
| #define PACKAGE_URL ""
| #define PACKAGE "jmtpfs"
| #define VERSION "1.0"
| #define HAVE_LIBMAGIC 1
| /* end confdefs.h.  */
| #include <ac_nonexistent.h>
configure:4577: checking for grep that handles long lines and -e
configure:4635: result: /usr/bin/grep
configure:4640: checking for egrep
configure:4702: result: /usr/bin/grep -E
configure:4707: checking for ANSI C header files
configure:4727: gcc -c -march=x86-64 -mtune=generic -O2 -pipe -fno-plt -D_FORTIFY_SOURCE=2 conftest.c >&5
configure:4727: $? = 0
In file included from /usr/include/bits/libc-header-start.h:33,
                 from /usr/include/string.h:26,
                 from conftest.c:12:
/usr/include/features.h:382:4: warning: #warning _FORTIFY_SOURCE requires compiling with optimization (-O) [-Wcpp]
  382 | #  warning _FORTIFY_SOURCE requires compiling with optimization (-O)
      |    ^~~~~~~
In file included from /usr/include/bits/libc-header-start.h:33,
                 from /usr/include/stdlib.h:25,
                 from conftest.c:12:
/usr/include/features.h:382:4: warning: #warning _FORTIFY_SOURCE requires compiling with optimization (-O) [-Wcpp]
  382 | #  warning _FORTIFY_SOURCE requires compiling with optimization (-O)
      |    ^~~~~~~
configure:4800: gcc -o conftest -march=x86-64 -mtune=generic -O2 -pipe -fno-plt -D_FORTIFY_SOURCE=2 -Wl,-O1,--sort-common,--as-needed,-z,relro,-z,now conftest.c -lmagic  >&5
configure:4800: $? = 0
configure:4800: ./conftest
configure:4800: $? = 0
configure:4811: result: yes
configure:4824: checking for sys/types.h
configure:4824: gcc -c -march=x86-64 -mtune=generic -O2 -pipe -fno-plt -D_FORTIFY_SOURCE=2 conftest.c >&5
configure:4824: $? = 0
configure:4824: result: yes
configure:4824: checking for sys/stat.h
configure:4824: gcc -c -march=x86-64 -mtune=generic -O2 -pipe -fno-plt -D_FORTIFY_SOURCE=2 conftest.c >&5
configure:4824: $? = 0
configure:4824: result: yes
configure:4824: checking for stdlib.h
configure:4824: gcc -c -march=x86-64 -mtune=generic -O2 -pipe -fno-plt -D_FORTIFY_SOURCE=2 conftest.c >&5
configure:4824: $? = 0
configure:4824: result: yes
configure:4824: checking for string.h
configure:4824: gcc -c -march=x86-64 -mtune=generic -O2 -pipe -fno-plt -D_FORTIFY_SOURCE=2 conftest.c >&5
configure:4824: $? = 0
configure:4824: result: yes
configure:4824: checking for memory.h
configure:4824: gcc -c -march=x86-64 -mtune=generic -O2 -pipe -fno-plt -D_FORTIFY_SOURCE=2 conftest.c >&5
configure:4824: $? = 0
configure:4824: result: yes
configure:4824: checking for strings.h
configure:4824: gcc -c -march=x86-64 -mtune=generic -O2 -pipe -fno-plt -D_FORTIFY_SOURCE=2 conftest.c >&5
configure:4824: $? = 0
configure:4824: result: yes
configure:4824: checking for inttypes.h
configure:4824: gcc -c -march=x86-64 -mtune=generic -O2 -pipe -fno-plt -D_FORTIFY_SOURCE=2 conftest.c >&5
configure:4824: $? = 0
configure:4824: result: yes
configure:4824: checking for stdint.h
configure:4824: gcc -c -march=x86-64 -mtune=generic -O2 -pipe -fno-plt -D_FORTIFY_SOURCE=2 conftest.c >&5
configure:4824: $? = 0
configure:4824: result: yes
configure:4824: checking for unistd.h
configure:4824: gcc -c -march=x86-64 -mtune=generic -O2 -pipe -fno-plt -D_FORTIFY_SOURCE=2 conftest.c >&5
configure:4824: $? = 0
configure:4824: result: yes
configure:4838: checking magic.h usability
configure:4838: gcc -c -march=x86-64 -mtune=generic -O2 -pipe -fno-plt -D_FORTIFY_SOURCE=2 conftest.c >&5
configure:4838: $? = 0
configure:4838: result: yes
configure:4838: checking magic.h presence
configure:4838: gcc -E -D_FORTIFY_SOURCE=2 conftest.c
In file included from /usr/include/sys/types.h:25,
                 from /usr/include/magic.h:30,
                 from conftest.c:22:
/usr/include/features.h:382:4: warning: #warning _FORTIFY_SOURCE requires compiling with optimization (-O) [-Wcpp]
  382 | #  warning _FORTIFY_SOURCE requires compiling with optimization (-O)
      |    ^~~~~~~
configure:4838: $? = 0
configure:4838: result: yes
configure:4838: checking for magic.h
configure:4838: result: yes
configure:5014: creating ./config.status

## ---------------------- ##
## Running config.status. ##
## ---------------------- ##

This file was extended by jmtpfs config.status 1.0, which was
generated by GNU Autoconf 2.68.  Invocation command line was

  CONFIG_FILES    = 
  CONFIG_HEADERS  = 
  CONFIG_LINKS    = 
  CONFIG_COMMANDS = 
  $ ./config.status 

on love

config.status:805: creating Makefile
config.status:805: creating src/Makefile
config.status:977: executing depfiles commands

## ---------------- ##
## Cache variables. ##
## ---------------- ##

ac_cv_build=x86_64-unknown-linux-gnu
ac_cv_c_compiler_gnu=yes
ac_cv_cxx_compiler_gnu=yes
ac_cv_env_CCC_set=
ac_cv_env_CCC_value=
ac_cv_env_CC_set=
ac_cv_env_CC_value=
ac_cv_env_CFLAGS_set=set
ac_cv_env_CFLAGS_value='-march=x86-64 -mtune=generic -O2 -pipe -fno-plt'
ac_cv_env_CPPFLAGS_set=set
ac_cv_env_CPPFLAGS_value=-D_FORTIFY_SOURCE=2
ac_cv_env_CPP_set=
ac_cv_env_CPP_value=
ac_cv_env_CXXFLAGS_set=set
ac_cv_env_CXXFLAGS_value=-lpthread
ac_cv_env_CXX_set=
ac_cv_env_CXX_value=
ac_cv_env_FUSE_CFLAGS_set=
ac_cv_env_FUSE_CFLAGS_value=
ac_cv_env_FUSE_LIBS_set=
ac_cv_env_FUSE_LIBS_value=
ac_cv_env_LDFLAGS_set=set
ac_cv_env_LDFLAGS_value=-Wl,-O1,--sort-common,--as-needed,-z,relro,-z,now
ac_cv_env_LIBS_set=
ac_cv_env_LIBS_value=
ac_cv_env_MTP_CFLAGS_set=
ac_cv_env_MTP_CFLAGS_value=
ac_cv_env_MTP_LIBS_set=
ac_cv_env_MTP_LIBS_value=
ac_cv_env_PKG_CONFIG_LIBDIR_set=
ac_cv_env_PKG_CONFIG_LIBDIR_value=
ac_cv_env_PKG_CONFIG_PATH_set=
ac_cv_env_PKG_CONFIG_PATH_value=
ac_cv_env_PKG_CONFIG_set=
ac_cv_env_PKG_CONFIG_value=
ac_cv_env_build_alias_set=
ac_cv_env_build_alias_value=
ac_cv_env_host_alias_set=
ac_cv_env_host_alias_value=
ac_cv_env_target_alias_set=
ac_cv_env_target_alias_value=
ac_cv_header_inttypes_h=yes
ac_cv_header_magic_h=yes
ac_cv_header_memory_h=yes
ac_cv_header_stdc=yes
ac_cv_header_stdint_h=yes
ac_cv_header_stdlib_h=yes
ac_cv_header_string_h=yes
ac_cv_header_strings_h=yes
ac_cv_header_sys_stat_h=yes
ac_cv_header_sys_types_h=yes
ac_cv_header_unistd_h=yes
ac_cv_host=x86_64-unknown-linux-gnu
ac_cv_lib_magic_magic_open=yes
ac_cv_objext=o
ac_cv_path_EGREP='/usr/bin/grep -E'
ac_cv_path_GREP=/usr/bin/grep
ac_cv_path_ac_pt_PKG_CONFIG=/usr/bin/pkg-config
ac_cv_path_install='/usr/bin/install -c'
ac_cv_path_mkdir=/usr/bin/mkdir
ac_cv_prog_AWK=gawk
ac_cv_prog_CPP='gcc -E'
ac_cv_prog_ac_ct_CC=gcc
ac_cv_prog_ac_ct_CXX=g++
ac_cv_prog_cc_c89=
ac_cv_prog_cc_g=yes
ac_cv_prog_cxx_g=yes
ac_cv_prog_make_make_set=yes
ac_cv_target=x86_64-unknown-linux-gnu
am_cv_CC_dependencies_compiler_type=gcc3
am_cv_CXX_dependencies_compiler_type=gcc3
pkg_cv_FUSE_CFLAGS='-I/usr/include/fuse -D_FILE_OFFSET_BITS=64 '
pkg_cv_FUSE_LIBS='-lfuse -pthread '
pkg_cv_MTP_CFLAGS='-I/usr/include/libusb-1.0 '
pkg_cv_MTP_LIBS='-lmtp '

## ----------------- ##
## Output variables. ##
## ----------------- ##

ACLOCAL='${SHELL} /home/kky/Downloads/jmtpfs/src/jmtpfs-0.5/missing --run aclocal-1.11'
AMDEPBACKSLASH='\'
AMDEP_FALSE='#'
AMDEP_TRUE=''
AMTAR='${SHELL} /home/kky/Downloads/jmtpfs/src/jmtpfs-0.5/missing --run tar'
AUTOCONF='${SHELL} /home/kky/Downloads/jmtpfs/src/jmtpfs-0.5/missing --run autoconf'
AUTOHEADER='${SHELL} /home/kky/Downloads/jmtpfs/src/jmtpfs-0.5/missing --run autoheader'
AUTOMAKE='${SHELL} /home/kky/Downloads/jmtpfs/src/jmtpfs-0.5/missing --run automake-1.11'
AWK='gawk'
CC='gcc'
CCDEPMODE='depmode=gcc3'
CFLAGS='-march=x86-64 -mtune=generic -O2 -pipe -fno-plt'
CPP='gcc -E'
CPPFLAGS='-D_FORTIFY_SOURCE=2'
CXX='g++'
CXXDEPMODE='depmode=gcc3'
CXXFLAGS='-lpthread -std=c++0x'
CYGPATH_W='echo'
DEFS='-DPACKAGE_NAME=\"jmtpfs\" -DPACKAGE_TARNAME=\"jmtpfs\" -DPACKAGE_VERSION=\"1.0\" -DPACKAGE_STRING=\"jmtpfs\ 1.0\" -DPACKAGE_BUGREPORT=\"\" -DPACKAGE_URL=\"\" -DPACKAGE=\"jmtpfs\" -DVERSION=\"1.0\" -DHAVE_LIBMAGIC=1 -DSTDC_HEADERS=1 -DHAVE_SYS_TYPES_H=1 -DHAVE_SYS_STAT_H=1 -DHAVE_STDLIB_H=1 -DHAVE_STRING_H=1 -DHAVE_MEMORY_H=1 -DHAVE_STRINGS_H=1 -DHAVE_INTTYPES_H=1 -DHAVE_STDINT_H=1 -DHAVE_UNISTD_H=1 -DHAVE_MAGIC_H=1'
DEPDIR='.deps'
ECHO_C=''
ECHO_N='-n'
ECHO_T=''
EGREP='/usr/bin/grep -E'
EXEEXT=''
FUSE_CFLAGS='-I/usr/include/fuse -D_FILE_OFFSET_BITS=64 '
FUSE_LIBS='-lfuse -pthread '
GREP='/usr/bin/grep'
INSTALL_DATA='${INSTALL} -m 644'
INSTALL_PROGRAM='${INSTALL}'
INSTALL_SCRIPT='${INSTALL}'
INSTALL_STRIP_PROGRAM='$(install_sh) -c -s'
LDFLAGS='-Wl,-O1,--sort-common,--as-needed,-z,relro,-z,now'
LIBOBJS=''
LIBS='-lmagic '
LTLIBOBJS=''
MAKEINFO='${SHELL} /home/kky/Downloads/jmtpfs/src/jmtpfs-0.5/missing --run makeinfo'
MKDIR_P='/usr/bin/mkdir -p'
MTP_CFLAGS='-I/usr/include/libusb-1.0 '
MTP_LIBS='-lmtp '
OBJEXT='o'
PACKAGE='jmtpfs'
PACKAGE_BUGREPORT=''
PACKAGE_NAME='jmtpfs'
PACKAGE_STRING='jmtpfs 1.0'
PACKAGE_TARNAME='jmtpfs'
PACKAGE_URL=''
PACKAGE_VERSION='1.0'
PATH_SEPARATOR=':'
PKG_CONFIG='/usr/bin/pkg-config'
PKG_CONFIG_LIBDIR=''
PKG_CONFIG_PATH=''
SET_MAKE=''
SHELL='/bin/sh'
STRIP=''
VERSION='1.0'
ac_ct_CC='gcc'
ac_ct_CXX='g++'
am__EXEEXT_FALSE=''
am__EXEEXT_TRUE='#'
am__fastdepCC_FALSE='#'
am__fastdepCC_TRUE=''
am__fastdepCXX_FALSE='#'
am__fastdepCXX_TRUE=''
am__include='include'
am__isrc=''
am__leading_dot='.'
am__quote=''
am__tar='${AMTAR} chof - "$$tardir"'
am__untar='${AMTAR} xf -'
bindir='${exec_prefix}/bin'
build='x86_64-unknown-linux-gnu'
build_alias=''
build_cpu='x86_64'
build_os='linux-gnu'
build_vendor='unknown'
datadir='${datarootdir}'
datarootdir='${prefix}/share'
docdir='${datarootdir}/doc/${PACKAGE_TARNAME}'
dvidir='${docdir}'
exec_prefix='${prefix}'
host='x86_64-unknown-linux-gnu'
host_alias=''
host_cpu='x86_64'
host_os='linux-gnu'
host_vendor='unknown'
htmldir='${docdir}'
includedir='${prefix}/include'
infodir='${datarootdir}/info'
install_sh='${SHELL} /home/kky/Downloads/jmtpfs/src/jmtpfs-0.5/install-sh'
libdir='${exec_prefix}/lib'
libexecdir='${exec_prefix}/libexec'
localedir='${datarootdir}/locale'
localstatedir='${prefix}/var'
mandir='${datarootdir}/man'
mkdir_p='/usr/bin/mkdir -p'
oldincludedir='/usr/include'
pdfdir='${docdir}'
prefix='/usr'
program_transform_name='s,x,x,'
psdir='${docdir}'
sbindir='${exec_prefix}/sbin'
sharedstatedir='${prefix}/com'
sysconfdir='${prefix}/etc'
target='x86_64-unknown-linux-gnu'
target_alias=''
target_cpu='x86_64'
target_os='linux-gnu'
target_vendor='unknown'

## ----------- ##
## confdefs.h. ##
## ----------- ##

/* confdefs.h */
#define PACKAGE_NAME "jmtpfs"
#define PACKAGE_TARNAME "jmtpfs"
#define PACKAGE_VERSION "1.0"
#define PACKAGE_STRING "jmtpfs 1.0"
#define PACKAGE_BUGREPORT ""
#define PACKAGE_URL ""
#define PACKAGE "jmtpfs"
#define VERSION "1.0"
#define HAVE_LIBMAGIC 1
#define STDC_HEADERS 1
#define HAVE_SYS_TYPES_H 1
#define HAVE_SYS_STAT_H 1
#define HAVE_STDLIB_H 1
#define HAVE_STRING_H 1
#define HAVE_MEMORY_H 1
#define HAVE_STRINGS_H 1
#define HAVE_INTTYPES_H 1
#define HAVE_STDINT_H 1
#define HAVE_UNISTD_H 1
#define HAVE_MAGIC_H 1

configure: exit 0
