Dec 23 08:46 : exception: Failed to open '/home/kky/.config/mpd/mpdstate': No such file or directory
Dec 23 08:46 : update: added /Stray Kids - TOP.flac
Dec 23 08:46 : update: added /Surf Mesa - ily (i love you baby) ft. Emilee.flac
Dec 23 08:46 : update: added /Survive Said The Prophet - MUKANJYO.flac
Dec 23 08:46 : update: added /Syn - Synners.flac
Dec 23 08:46 : update: added /The Seatbelts - Tank.flac
Dec 23 08:46 : update: added /The Strumbellas - Spirits.flac
Dec 23 08:46 : update: added /TheFatRat - MAYDAY feat. Laura Brehm.flac
Dec 23 08:46 : update: added /TheFatRat - Xenogenesis.flac
Dec 23 08:46 : update: added /Twenty One Pilots - Stressed Out (Tomsize Remix).flac
Dec 23 08:46 : update: added /Two Feet - Go Fuck Yourself.flac
Dec 23 08:46 : update: added /Two Feet - Lost The Game.flac
Dec 23 08:46 : update: added /Two Feet - Love Is A Bitch.flac
Dec 23 08:46 : update: added /Unlike Pluto - That's What She Said (feat. Coruja).flac
Dec 23 08:46 : update: added /Vincent - Lucky Mistake.flac
Dec 23 08:46 : update: added /Ytram & Elderbrook - Fire.flac
Dec 23 08:46 : update: added /Nujabes - luv (sic.) [ft.shing02].flac
Dec 23 08:46 : update: added /Ocula - Alpine.flac
Dec 23 08:46 : update: added /Oliver Tree - Let Me Down (Enylo Remix).flac
Dec 23 08:46 : update: added /Paradelous - Lost in you.flac
Dec 23 08:46 : update: added /Phoenix (ft. Cailin Russo and Chrissy Costabza).flac
Dec 23 08:46 : update: added /Platina Jazz - Devilman (from Devilman).flac
Dec 23 08:46 : update: added /Powfu - death bed (coffee for your head) ft. beabadoobee.flac
Dec 23 08:46 : update: added /PUBLIC - Make You Mine.flac
Dec 23 08:46 : update: added /R3HAB x Timmy Trumpet - 911.flac
Dec 23 08:46 : update: added /RADWIMPS - Kataware Doki (かたわれ時).flac
Dec 23 08:46 : update: added /Red Dress - CIVIL ft. JobbytheHong.flac
Dec 23 08:46 : update: added /RMND & Riell - What You Made Me.flac
Dec 23 08:46 : update: added /Robby East - Off The Deep End.flac
Dec 23 08:46 : update: added /SAINt JHN - Roses (Imanbek Remix).flac
Dec 23 08:46 : update: added /SAINT PHNX - Sorry.flac
Dec 23 08:46 : update: added /Savagez - Drip Drop.flac
Dec 23 08:46 : update: added /Sebastian Paul - TROJAN HORSE.flac
Dec 23 08:46 : update: added /Sparkle - RADWIMPS.flac
Dec 23 08:46 : update: added /Mirage - Dino James.flac
Dec 23 08:46 : update: added /Stephen - Crossfire.flac
Dec 23 08:46 : update: added /ALI – LOST IN PARADISE feat. AKLO.flac
Dec 23 08:46 : update: added /CIX - WIN.flac
Dec 23 08:46 : update: added /Elijah Hill - Replay (feat. Hadley Hanson).flac
Dec 23 08:46 : update: added /Etoile - Oh My Girl.flac
Dec 23 08:46 : update: added /Fatboy Slim - Praise You.flac
Dec 23 08:46 : update: added /FRND - Maliboo.flac
Dec 23 08:46 : update: added /If I Didn't Care.flac
Dec 23 08:46 : update: added /Jeris Johnson - damn!.flac
Dec 23 08:46 : update: added /Kodaline - All I Want.flac
Dec 23 08:46 : update: added /Marshmello & Halsey - Be Kind.flac
Dec 23 08:46 : update: added /Marshmello - Alone.flac
Dec 23 08:46 : update: added /Marshmello ft. Bastille - Happier.flac
Dec 23 08:46 : update: added /Marshmello ft. Khalid - Silence.flac
Dec 23 08:46 : update: added /Mezze Deena   Fairytale.flac
Dec 23 08:46 : update: added /milet - Drown.flac
Dec 23 08:46 : update: added /Mili - From a Place of Love _ 'Library of Ruina'.flac
Dec 23 08:46 : update: added /Mili - sustain++; _ Ghost In The Shell - SAC_2045.flac
